La génération a démarré 11/05/2016 15:00:36.
     1>Projet "C:\Users\Clément\Desktop\GI03\LO21\Projet\EX\EX\EX.vcxproj" sur le nœud 2 (Build cible(s)).
     1>ClCompile:
         C:\Program Files (x86)\Microsoft Visual Studio 14.0\VC\bin\CL.exe /c /Zi /nologo /W3 /WX- /sdl /O2 /Oi /Oy- /GL /D WIN32 /D NDEBUG /D _CONSOLE /D _UNICODE /D UNICODE /Gm- /EHsc /MD /GS /Gy /fp:precise /Zc:wchar_t /Zc:forScope /Zc:inline /Fo"Release\\" /Fd"Release\vc140.pdb" /Gd /TP /analyze- /errorReport:prompt main.cpp
         main.cpp
     1>c:\users\clément\desktop\gi03\lo21\projet\ex\ex\litterale.h(37): warning C4244: 'argument' : conversion de 'double' en 'int', perte possible de données
     1>main.cpp(43): warning C4129: '.' : caractère de séquence d'échappement non reconnu
       Link:
         C:\Program Files (x86)\Microsoft Visual Studio 14.0\VC\bin\link.exe /ERRORREPORT:PROMPT /OUT:"C:\Users\Clément\Desktop\GI03\LO21\Projet\EX\Release\EX.exe" /INCREMENTAL:NO /NOLOGO kernel32.lib user32.lib gdi32.lib winspool.lib comdlg32.lib advapi32.lib shell32.lib ole32.lib oleaut32.lib uuid.lib odbc32.lib odbccp32.lib /MANIFEST /MANIFESTUAC:"level='asInvoker' uiAccess='false'" /manifest:embed /Debug /PDB:"C:\Users\Clément\Desktop\GI03\LO21\Projet\EX\Release\EX.pdb" /SUBSYSTEM:CONSOLE /OPT:REF /OPT:ICF /LTCG:incremental /TLBID:1 /DYNAMICBASE /NXCOMPAT /IMPLIB:"C:\Users\Clément\Desktop\GI03\LO21\Projet\EX\Release\EX.lib" /MACHINE:X86 /SAFESEH Release\computer.obj
         Release\litterale.obj
         Release\main.obj
         Génération de code en cours
         228 of 922 functions (24.7%) were compiled, the rest were copied from previous compilation.
           219 functions were new in current compilation
           23 functions had inline decision re-evaluated but remain unchanged
         Fin de la génération du code
         EX.vcxproj -> C:\Users\Clément\Desktop\GI03\LO21\Projet\EX\Release\EX.exe
     1>Génération du projet "C:\Users\Clément\Desktop\GI03\LO21\Projet\EX\EX\EX.vcxproj" terminée (Build cible(s)).

La génération a réussi.

Temps écoulé 00:00:03.49
